<?xml version="1.0" encoding="UTF-8"?>
<!-- Generated by org.testng.reporters.JUnitReportReporter -->
<testsuite hostname="DESKTOP-3JRUFPN" failures="0" tests="2" name="com.actitime.testscript.CustomerModule" time="7.788" errors="0" timestamp="2025-06-10T11:34:39 IST" skipped="0">
  <testcase classname="com.actitime.testscript.CustomerModule" name="createCustomer" time="6.177">
    <system-out>
      <![CDATA[Customer 'jerry' has been created]]>
    </system-out>
  </testcase> <!-- createCustomer -->
  <testcase classname="com.actitime.testscript.CustomerModule" name="addUser" time="1.611"/>
  <system-out>
    <![CDATA[Customer 'jerry' has been created]]>
  </system-out>
</testsuite> <!-- com.actitime.testscript.CustomerModule -->
